E247: No server specified with --server. Editing locallyE247: No server specified with --server. Editing locallyE247: Failed to connect to '/Users/mike/tmp/nvim.pipe': connection refused. Editing locally
Error detected while processing command line..script /Users/mike/gitrepos/dotfiles/bash/bin/setup.lua:
E5113: Error while calling lua chunk: /Users/mike/gitrepos/dotfiles/bash/bin/setup.lua:48: Vim:E121: Undefined variable: hi
stack traceback:
	[C]: in function 'echo'
	/Users/mike/gitrepos/dotfiles/bash/bin/setup.lua:48: in main chunk/Users/mike/bin/nvim: line 3: 73025 Killed: 9               /Users/mike/gitrepos/neovim/build/bin/nvim "$@"
E247: No server specified with --server. Editing locallyE247: No server specified with --server. Editing locallyE247: No server specified with --server. Editing locallyE247: No server specified with --server. Editing locally
Found a swap file by the name "~/.local/state/nvim/swap//%Users%mike%gitrepos%dotfiles%bash%bin%> %dev%null 2>&1 0< %dev%null.swp"
          owned by: mike   dated: Thu Jul 27 07:48:28 2023
         file name: ~mike/gitrepos/dotfiles/bash/bin/> /dev/null 2>&1 0< /dev/null
          modified: no
         user name: mike   host name: mikes-MBP.fios-router.home
        process ID: 73678 (STILL RUNNING)
While opening file "> /dev/null 2>&1 0< /dev/null"
      CANNOT BE FOUND
(1) Another program may be editing the same file.  If this is the case,
    be careful not to end up with two different instances of the same
    file when making changes.  Quit, or continue with caution.
(2) An edit session for this file crashed.
    If this is the case, use ":recover" or "vim -r > /dev/nul
lF o2u>n&d1  a0 <s w/adpe vf/inluel lb"y
  t h e  tnoa mree c"o~v/e.rl otchael /cshtaantge/nevsi m(/ssewea p"//:%hUseelrps %rmeickoev%geirtyr"e)p.o
s % d o tIffi lyeosu% bdaisdh %tbhiins% >a l%rdeeavd%yn,u ldle l2e>t&e1  t0h<e  %sdweavp% nfuillle. s"w/pU"s
ers / m i k e / . l o coawln/esdt abtye:/ nmviikme/ s w adpa/t/e%dU:s eTrhsu% mJiulk e2%7g i0t7r:e4p8o:s2%8d o2t0f2i3l
es%bash%bin%>   % d e v % n u lfli l2e> &n1a m0e<:  %~dmeivk%en/uglilt.rsewppo"s
/ d o t ftiol easv/obiads ht/hbiisn /m>e s/sdaegve/.n
ull 2>&1 0< /dev/null
          modified: no
         user name: mike   host name: mikes-MBP.fios-router.home
        process ID: 73678 (STILL RUNNING)
While opening file "> /dev/null 2>&1 0< /dev/null"
      CANNOT BE FOUND
(1) Another program may be editing the same file.  If this is the case,
    be careful not to end up with two different instances of the same
    file when making changes.  Quit, or continue with caution.
(2) An edit session for this file crashed.
    If this is the case, use ":recover" or "vim -r > /dev/null 2>&1 0< /dev/null"
    to recover the changes (see ":help recovery").
    If you did this already, delete the swap file "/Users/mike/.local/state/nvim/swap//%Users%mike%gitrepos%dotfiles%bash%bin%> %dev%null 2>&1 0< %dev%null.swp"
    to avoid this message.
/Users/mike/bin/nvim: line 3: 73678 Killed: 9               /Users/mike/gitrepos/neovim/build/bin/nvim "$@"
/Users/mike/bin/nvim: line 3: 73683 Killed: 9               /Users/mike/gitrepos/neovim/build/bin/nvim "$@"
/Users/mike/bin/nvim: line 3: 73684 Killed: 9               /Users/mike/gitrepos/neovim/build/bin/nvim "$@"
/Users/mike/bin/nvim: line 3: 73685 Killed: 9               /Users/mike/gitrepos/neovim/build/bin/nvim "$@"
E247: No server specified with --server. Editing locally
Found a swap file by the name "~/.local/state/nvim/swap//%Users%mike%gitrepos%dotfiles%bash%bin%> %dev%null 2>&1 0< %dev%null.swp"
          owned by: mike   dated: Thu Jul 27 07:48:32 2023
         file name: ~mike/gitrepos/dotfiles/bash/bin/> /dev/null 2>&1 0< /dev/null
          modified: no
         user name: mike   host name: mikes-MBP.fios-router.home
        process ID: 73678
While opening file "> /dev/null 2>&1 0< /dev/null"
      CANNOT BE FOUND
(1) Another program may be editing the same file.  If this is the case,
    be careful not to end up with two different instances of the same
    file when making changes.  Quit, or continue with caution.
(2) An edit session for this file crashed.
    If this is the case, use ":recover" or "vim -r > /dev/null 2>&1 0< /dev/null"
    to recover the changes (see ":help recovery").
    If you did this already, delete the swap file "/Users/mike/.local/state/nvim/swap//%Users%mike%gitrepos%dotfiles%bash%bin%> %dev%null 2>&1 0< %dev%null.swp"
    to avoid this message.
Vim: Caught deadly signal 'SIGTERM'

Vim: Finished.
E247: No server specified with --server. Editing locally
Found a swap file by the name "~/.local/state/nvim/swap//%Users%mike%gitrepos%dotfiles%bash%bin%> %dev%null 2>&1 0< %dev%null.swp"
          owned by: mike   dated: Thu Jul 27 07:48:32 2023
         file name: ~mike/gitrepos/dotfiles/bash/bin/> /dev/null 2>&1 0< /dev/null
          modified: no
         user name: mike   host name: mikes-MBP.fios-router.home
        process ID: 73678
While opening file "> /dev/null 2>&1 0< /dev/null"
      CANNOT BE FOUND
(1) Another program may be editing the same file.  If this is the case,
    be careful not to end up with two different instances of the same
    file when making changes.  Quit, or continue with caution.
(2) An edit session for this file crashed.
    If this is the case, use ":recover" or "vim -r > /dev/null 2>&1 0< /dev/null"
    to recover the changes (see ":help recovery").
    If you did this already, delete the swap file "/Users/mike/.local/state/nvim/swap//%Users%mike%gitrepos%dotfiles%bash%bin%> %dev%null 2>&1 0< %dev%null.swp"
    to avoid this message.
E247: No server specified with --server. Editing locally
Found a swap file by the name "~/.local/state/nvim/swap//%Users%mike%gitrepos%dotfiles%bash%bin%> %dev%null 2>&1 0< %dev%null.swp"
          owned by: mike   dated: Thu Jul 27 07:48:32 2023
         file name: ~mike/gitrepos/dotfiles/bash/bin/> /dev/null 2>&1 0< /dev/null
          modified: no
         user name: mike   host name: mikes-MBP.fios-router.home
        process ID: 73678
While opening file "> /dev/null 2>&1 0< /dev/null"
      CANNOT BE FOUND
(1) Another program may be editing the same file.  If this is the case,
    be careful not to end up with two different instances of the same
    file when making changes.  Quit, or continue with caution.
(2) An edit session for this file crashed.
    If this is the case, use ":recover" or "vim -r > /dev/null 2>&1 0< /dev/null"
    to recover the changes (see ":help recovery").
    If you did this already, delete the swap file "/Users/mike/.local/state/nvim/swap//%Users%mike%gitrepos%dotfiles%bash%bin%> %dev%null 2>&1 0< %dev%null.swp"
    to avoid this message.
E247: No server specified with --server. Editing locally
Found a swap file by the name "~/.local/state/nvim/swap//%Users%mike%gitrepos%dotfiles%bash%bin%> %dev%null 2>&1 0< %dev%null.swp"
          owned by: mike   dated: Thu Jul 27 07:48:32 2023
         file name: ~mike/gitrepos/dotfiles/bash/bin/> /dev/null 2>&1 0< /dev/null
          modified: no
         user name: mike   host name: mikes-MBP.fios-router.home
        process ID: 73678
While opening file "> /dev/null 2>&1 0< /dev/null"
      CANNOT BE FOUND
(1) Another program may be editing the same file.  If this is the case,
    be careful not to end up with two different instances of the same
    file when making changes.  Quit, or continue with caution.
(2) An edit session for this file crashed.
    If this is the case, use ":recover" or "vim -r > /dev/null 2>&1 0< /dev/null"
    to recover the changes (see ":help recovery").
    If you did this already, delete the swap file "/Users/mike/.local/state/nvim/swap//%Users%mike%gitrepos%dotfiles%bash%bin%> %dev%null 2>&1 0< %dev%null.swp"
    to avoid this message.
Vim: Caught deadly signal 'SIGTERM'

Vim: Finished.
E247: No server specified with --server. Editing locally
Found a swap file by the name "~/.local/state/nvim/swap//%Users%mike%gitrepos%dotfiles%bash%bin%> %dev%null 2>&1 0< %dev%null.swp"
          owned by: mike   dated: Thu Jul 27 07:48:32 2023
         file name: ~mike/gitrepos/dotfiles/bash/bin/> /dev/null 2>&1 0< /dev/null
          modified: no
         user name: mike   host name: mikes-MBP.fios-router.home
        process ID: 73678
While opening file "> /dev/null 2>&1 0< /dev/null"
      CANNOT BE FOUND
(1) Another program may be editing the same file.  If this is the case,
    be careful not to end up with two different instances of the same
    file when making changes.  Quit, or continue with caution.
(2) An edit session for this file crashed.
    If this is the case, use ":recover" or "vim -r > /dev/null 2>&1 0< /dev/null"
    to recover the changes (see ":help recovery").
    If you did this already, delete the swap file "/Users/mike/.local/state/nvim/swap//%Users%mike%gitrepos%dotfiles%bash%bin%> %dev%null 2>&1 0< %dev%null.swp"
    to avoid this message.
E247: No server specified with --server. Editing locally
Found a swap file by the name "~/.local/state/nvim/swap//%Users%mike%gitrepos%dotfiles%bash%bin%> %dev%null 2>&1 0< %dev%null.swp"
          owned by: mike   dated: Thu Jul 27 07:48:32 2023
         file name: ~mike/gitrepos/dotfiles/bash/bin/> /dev/null 2>&1 0< /dev/null
          modified: no
         user name: mike   host name: mikes-MBP.fios-router.home
        process ID: 73678
While opening file "> /dev/null 2>&1 0< /dev/null"
      CANNOT BE FOUND
(1) Another program may be editing the same file.  If this is the case,
    be careful not to end up with two different instances of the same
    file when making changes.  Quit, or continue with caution.
(2) An edit session for this file crashed.
    If this is the case, use ":recover" or "vim -r > /dev/null 2>&1 0< /dev/null"
    to recover the changes (see ":help recovery").
    If you did this already, delete the swap file "/Users/mike/.local/state/nvim/swap//%Users%mike%gitrepos%dotfiles%bash%bin%> %dev%null 2>&1 0< %dev%null.swp"
    to avoid this message.
Error executing lua: Vim:Error invoking 'nvim_command' on channel 3:
Vim(drop):E471: Argument required: drop
stack traceback:
	[C]: in function 'rpcrequest'
	vim/_editor.lua: in function <vim/_editor.lua:0>
E247: No server specified with --server. Editing locallyError executing lua: Vim:Error invoking 'nvim_command' on channel 3:
Vim(drop):E471: Argument required: drop
stack traceback:
	[C]: in function 'rpcrequest'
	vim/_editor.lua: in function <vim/_editor.lua:0>
E247: No server specified with --server. Editing locallyError executing lua: Vim:Error invoking 'nvim_command' on channel 3:
Vim(drop):E471: Argument required: drop
stack traceback:
	[C]: in function 'rpcrequest'
	vim/_editor.lua: in function <vim/_editor.lua:0>
E247: No server specified with --server. Editing locallyError executing lua: Vim:Error invoking 'nvim_command' on channel 3:
Vim(drop):E471: Argument required: drop
stack traceback:
	[C]: in function 'rpcrequest'
	vim/_editor.lua: in function <vim/_editor.lua:0>
E247: No server specified with --server. Editing locallyError executing lua: Vim:Error invoking 'nvim_command' on channel 3:
Vim(drop):E471: Argument required: drop
stack traceback:
	[C]: in function 'rpcrequest'
	vim/_editor.lua: in function <vim/_editor.lua:0>
E247: No server specified with --server. Editing locallyError executing lua: Vim:Error invoking 'nvim_command' on channel 3:
Vim(drop):E471: Argument required: drop
stack traceback:
	[C]: in function 'rpcrequest'
	vim/_editor.lua: in function <vim/_editor.lua:0>
E247: No server specified with --server. Editing locallyVim: Caught deadly signal 'SIGTERM'

Vim: Finished.
